<?xml version="1.0" encoding="UTF-8"?>
<!-- Generated by org.testng.reporters.JUnitXMLReporter -->
<testsuite hostname="DESKTOP-MD5MIM9" ignored="0" name="BankingApptest" tests="8" failures="6" timestamp="2020-07-24T18:48:47 IST" time="111.713" errors="0">
  <testcase name="loginTest" time="5.595" classname="com.innetBanking_testCases.TC_loginTest_001">
    <failure type="java.lang.AssertionError" message="did not expect to find [true] but found [false]">
      <![CDATA[java.lang.AssertionError: did not expect to find [true] but found [false]
at com.innetBanking_testCases.TC_loginTest_001.loginTest(TC_loginTest_001.java:37)
at java.util.ArrayList.forEach(ArrayList.java:1257)
... Removed 31 stack frames]]>
    </failure>
  </testcase> <!-- loginTest -->
  <testcase name="loginDDT" time="11.283" classname="com.innetBanking_testCases.TC_LoginDDT_002"/>
  <testcase name="loginDDT" time="3.651" classname="com.innetBanking_testCases.TC_LoginDDT_002">
    <failure type="java.lang.AssertionError" message="did not expect to find [true] but found [false]">
      <![CDATA[java.lang.AssertionError: did not expect to find [true] but found [false]
at com.innetBanking_testCases.TC_LoginDDT_002.loginDDT(TC_LoginDDT_002.java:31)
at java.util.ArrayList.forEach(ArrayList.java:1257)
... Removed 31 stack frames]]>
    </failure>
  </testcase> <!-- loginDDT -->
  <testcase name="loginDDT" time="4.853" classname="com.innetBanking_testCases.TC_LoginDDT_002">
    <failure type="java.lang.AssertionError" message="did not expect to find [true] but found [false]">
      <![CDATA[java.lang.AssertionError: did not expect to find [true] but found [false]
at com.innetBanking_testCases.TC_LoginDDT_002.loginDDT(TC_LoginDDT_002.java:31)
at java.util.ArrayList.forEach(ArrayList.java:1257)
... Removed 31 stack frames]]>
    </failure>
  </testcase> <!-- loginDDT -->
  <testcase name="loginDDT" time="4.278" classname="com.innetBanking_testCases.TC_LoginDDT_002">
    <failure type="java.lang.AssertionError" message="did not expect to find [true] but found [false]">
      <![CDATA[java.lang.AssertionError: did not expect to find [true] but found [false]
at com.innetBanking_testCases.TC_LoginDDT_002.loginDDT(TC_LoginDDT_002.java:31)
at java.util.ArrayList.forEach(ArrayList.java:1257)
... Removed 31 stack frames]]>
    </failure>
  </testcase> <!-- loginDDT -->
  <testcase name="loginDDT" time="4.153" classname="com.innetBanking_testCases.TC_LoginDDT_002">
    <failure type="java.lang.AssertionError" message="did not expect to find [true] but found [false]">
      <![CDATA[java.lang.AssertionError: did not expect to find [true] but found [false]
at com.innetBanking_testCases.TC_LoginDDT_002.loginDDT(TC_LoginDDT_002.java:31)
at java.util.ArrayList.forEach(ArrayList.java:1257)
... Removed 31 stack frames]]>
    </failure>
  </testcase> <!-- loginDDT -->
  <testcase name="loginDDT" time="4.142" classname="com.innetBanking_testCases.TC_LoginDDT_002">
    <failure type="java.lang.AssertionError" message="did not expect to find [true] but found [false]">
      <![CDATA[java.lang.AssertionError: did not expect to find [true] but found [false]
at com.innetBanking_testCases.TC_LoginDDT_002.loginDDT(TC_LoginDDT_002.java:31)
at java.util.ArrayList.forEach(ArrayList.java:1257)
... Removed 31 stack frames]]>
    </failure>
  </testcase> <!-- loginDDT -->
  <testcase name="addNewCustome" time="27.217" classname="com.innetBanking_testCases.TC_AddCustomerTest_003"/>
</testsuite> <!-- BankingApptest -->
